2014-10-19 14:13:44,726 [14] INFO <Main>b__11 - test
2014-10-19 14:13:44,776 [14] INFO <Main>b__11 - test
2014-10-19 14:13:44,781 [14] INFO <Main>b__11 - test
2014-10-19 14:13:44,781 [14] INFO <Main>b__11 - test
2014-10-19 14:13:44,786 [14] INFO <Main>b__11 - test
2014-10-19 14:13:44,786 [14] INFO <Main>b__11 - test
2014-10-19 14:13:44,787 [14] INFO <Main>b__11 - test
2014-10-19 14:13:44,787 [14] INFO <Main>b__11 - test
2014-10-19 14:13:44,788 [14] INFO <Main>b__11 - test
2014-10-19 14:13:44,789 [14] INFO <Main>b__11 - test
2014-10-19 14:13:44,789 [14] INFO <Main>b__11 - test
2014-10-19 14:13:44,789 [14] INFO <Main>b__11 - test
2014-10-19 14:13:44,790 [14] INFO <Main>b__11 - test
2014-10-19 14:13:44,790 [14] INFO <Main>b__11 - test
2014-10-19 14:13:44,790 [14] INFO <Main>b__11 - test
2014-10-19 14:13:44,797 [14] INFO <Main>b__11 - test
2014-10-19 14:13:44,798 [14] INFO <Main>b__11 - test
2014-10-19 14:13:44,798 [14] INFO <Main>b__11 - test
2014-10-19 14:13:44,798 [14] INFO <Main>b__11 - test
2014-10-19 14:13:44,802 [14] INFO <Main>b__11 - test
2014-10-19 14:13:44,808 [14] INFO <Main>b__11 - test
2014-10-19 14:13:44,808 [14] INFO <Main>b__11 - test
2014-10-19 14:13:44,810 [14] INFO <Main>b__11 - test
2014-10-19 14:13:44,810 [14] INFO <Main>b__11 - test
2014-10-19 14:13:44,811 [14] INFO <Main>b__11 - test
2014-10-19 14:13:44,811 [14] INFO <Main>b__11 - test
2014-10-19 14:13:44,816 [14] INFO <Main>b__11 - test
2014-10-19 14:13:44,817 [14] INFO <Main>b__11 - test
2014-10-19 14:13:44,817 [14] INFO <Main>b__11 - test
2014-10-19 14:13:44,817 [14] INFO <Main>b__11 - test
2014-10-19 14:13:44,818 [14] INFO <Main>b__11 - test
2014-10-19 14:13:44,818 [14] INFO <Main>b__11 - test
2014-10-19 14:13:44,819 [14] INFO <Main>b__11 - test
2014-10-19 14:13:44,819 [14] INFO <Main>b__11 - test
2014-10-19 14:13:44,819 [14] INFO <Main>b__11 - test
2014-10-19 14:13:44,822 [14] INFO <Main>b__11 - test
2014-10-19 14:13:44,822 [14] INFO <Main>b__11 - test
2014-10-19 14:13:44,823 [14] INFO <Main>b__11 - test
2014-10-19 14:13:44,823 [14] INFO <Main>b__11 - test
2014-10-19 14:13:44,824 [14] INFO <Main>b__11 - test
2014-10-19 14:13:44,824 [14] INFO <Main>b__11 - test
2014-10-19 14:13:44,830 [14] INFO <Main>b__11 - test
2014-10-19 14:13:44,830 [14] INFO <Main>b__11 - test
2014-10-19 14:13:44,830 [14] INFO <Main>b__11 - test
2014-10-19 14:13:44,832 [14] INFO <Main>b__11 - test
2014-10-19 14:13:44,833 [14] INFO <Main>b__11 - test
2014-10-19 14:13:44,833 [14] INFO <Main>b__11 - test
2014-10-19 14:13:44,834 [14] INFO <Main>b__11 - test
2014-10-19 14:13:44,834 [14] INFO <Main>b__11 - test
2014-10-19 14:13:44,834 [14] INFO <Main>b__11 - test
2014-10-19 14:13:44,835 [14] INFO <Main>b__11 - test
2014-10-19 14:13:44,853 [14] INFO <Main>b__11 - test
2014-10-19 14:13:44,854 [14] INFO <Main>b__11 - test
2014-10-19 14:13:44,855 [14] INFO <Main>b__11 - test
2014-10-19 14:13:44,855 [14] INFO <Main>b__11 - test
2014-10-19 14:13:44,858 [14] INFO <Main>b__11 - test
2014-10-19 14:13:44,859 [14] INFO <Main>b__11 - test
2014-10-19 14:13:44,859 [14] INFO <Main>b__11 - test
2014-10-19 14:13:44,860 [14] INFO <Main>b__11 - test
2014-10-19 14:13:44,861 [14] INFO <Main>b__11 - test
2014-10-19 14:13:44,861 [14] INFO <Main>b__11 - test
2014-10-19 14:13:44,864 [14] INFO <Main>b__11 - test
2014-10-19 14:13:44,865 [14] INFO <Main>b__11 - test
2014-10-19 14:13:44,865 [14] INFO <Main>b__11 - test
2014-10-19 14:13:44,865 [14] INFO <Main>b__11 - test
2014-10-19 14:13:44,866 [14] INFO <Main>b__11 - test
2014-10-19 14:13:44,869 [14] INFO <Main>b__11 - test
2014-10-19 14:13:44,870 [14] INFO <Main>b__11 - test
2014-10-19 14:13:44,870 [14] INFO <Main>b__11 - test
2014-10-19 14:13:44,871 [14] INFO <Main>b__11 - test
2014-10-19 14:13:44,871 [14] INFO <Main>b__11 - test
2014-10-19 14:13:44,872 [14] INFO <Main>b__11 - test
2014-10-19 14:13:44,872 [14] INFO <Main>b__11 - test
2014-10-19 14:13:44,872 [14] INFO <Main>b__11 - test
2014-10-19 14:13:44,873 [14] INFO <Main>b__11 - test
2014-10-19 14:13:44,873 [14] INFO <Main>b__11 - test
2014-10-19 14:13:44,873 [14] INFO <Main>b__11 - test
2014-10-19 14:13:44,874 [14] INFO <Main>b__11 - test
2014-10-19 14:13:44,874 [14] INFO <Main>b__11 - test
2014-10-19 14:13:44,874 [14] INFO <Main>b__11 - test
2014-10-19 14:13:44,875 [14] INFO <Main>b__11 - test
2014-10-19 14:13:44,875 [14] INFO <Main>b__11 - test
2014-10-19 14:13:44,875 [14] INFO <Main>b__11 - test
2014-10-19 14:13:44,876 [14] INFO <Main>b__11 - test
2014-10-19 14:13:44,876 [14] INFO <Main>b__11 - test
2014-10-19 14:13:44,876 [14] INFO <Main>b__11 - test
2014-10-19 14:13:44,877 [14] INFO <Main>b__11 - test
2014-10-19 14:13:44,877 [14] INFO <Main>b__11 - test
2014-10-19 14:13:44,877 [14] INFO <Main>b__11 - test
2014-10-19 14:13:44,878 [14] INFO <Main>b__11 - test
2014-10-19 14:13:44,878 [14] INFO <Main>b__11 - test
2014-10-19 14:13:44,878 [14] INFO <Main>b__11 - test
2014-10-19 14:13:44,914 [14] INFO <Main>b__11 - test
2014-10-19 14:13:44,914 [14] INFO <Main>b__11 - test
2014-10-19 14:13:44,914 [14] INFO <Main>b__11 - test
2014-10-19 14:13:44,931 [14] INFO <Main>b__11 - test
2014-10-19 14:13:44,931 [14] INFO <Main>b__11 - test
2014-10-19 14:13:44,932 [14] INFO <Main>b__11 - test
2014-10-19 14:13:44,940 [14] INFO <Main>b__11 - test
2014-10-19 14:13:44,940 [14] INFO <Main>b__11 - test
2014-10-19 14:13:44,941 [14] INFO <Main>b__11 - test
2014-10-19 14:13:44,949 [14] INFO <Main>b__11 - test
2014-10-19 14:13:44,952 [14] INFO <Main>b__11 - test
2014-10-19 14:13:44,953 [14] INFO <Main>b__11 - test
2014-10-19 14:13:44,970 [14] INFO <Main>b__11 - test
2014-10-19 14:13:44,972 [14] INFO <Main>b__11 - test
2014-10-19 14:13:44,973 [14] INFO <Main>b__11 - test
2014-10-19 14:13:44,973 [14] INFO <Main>b__11 - test
2014-10-19 14:13:44,973 [14] INFO <Main>b__11 - test
2014-10-19 14:13:44,973 [14] INFO <Main>b__11 - test
2014-10-19 14:13:44,974 [14] INFO <Main>b__11 - test
2014-10-19 14:13:44,978 [14] INFO <Main>b__11 - test
2014-10-19 14:13:44,978 [14] INFO <Main>b__11 - test
2014-10-19 14:13:44,978 [14] INFO <Main>b__11 - test
2014-10-19 14:13:44,979 [14] INFO <Main>b__11 - test
2014-10-19 14:13:44,979 [14] INFO <Main>b__11 - test
2014-10-19 14:13:44,980 [14] INFO <Main>b__11 - test
2014-10-19 14:13:44,980 [14] INFO <Main>b__11 - test
2014-10-19 14:13:44,980 [14] INFO <Main>b__11 - test
2014-10-19 14:13:44,983 [14] INFO <Main>b__11 - test
2014-10-19 14:18:04,766 [14] INFO Summary - 
---------------------------------------------------------------
Name                                    :|       Max|       Min|       Ave|     N5aVE|     N5mAX|      Last|100 MovAve|count | longRunning 
---------------------------------------------------------------

2014-10-19 14:18:16,739 [14] INFO notification - Started: 10/19/2014 2:18:16 PM
2014-10-19 14:18:16,744 [14] INFO notification - Started: 10/19/2014 2:18:16 PM
2014-10-19 14:18:16,745 [14] INFO notification - Started: 10/19/2014 2:18:16 PM
2014-10-19 14:18:16,764 [14] INFO notification - Started: 10/19/2014 2:18:16 PM
2014-10-19 14:18:16,764 [14] INFO notification - Started: 10/19/2014 2:18:16 PM
2014-10-19 14:18:16,765 [14] INFO notification - Started: 10/19/2014 2:18:16 PM
2014-10-19 14:18:16,765 [14] INFO notification - Started: 10/19/2014 2:18:16 PM
2014-10-19 14:18:16,766 [14] INFO notification - Started: 10/19/2014 2:18:16 PM
2014-10-19 14:18:16,766 [14] INFO notification - Started: 10/19/2014 2:18:16 PM
2014-10-19 14:18:16,767 [14] INFO notification - Started: 10/19/2014 2:18:16 PM
2014-10-19 14:18:16,767 [14] INFO notification - Started: 10/19/2014 2:18:16 PM
2014-10-19 14:18:16,767 [14] INFO notification - Started: 10/19/2014 2:18:16 PM
2014-10-19 14:18:16,768 [14] INFO notification - Started: 10/19/2014 2:18:16 PM
2014-10-19 14:18:16,768 [14] INFO notification - Started: 10/19/2014 2:18:16 PM
2014-10-19 14:18:16,769 [14] INFO notification - Started: 10/19/2014 2:18:16 PM
2014-10-19 14:18:16,769 [14] INFO notification - Started: 10/19/2014 2:18:16 PM
2014-10-19 14:18:16,770 [14] INFO notification - Started: 10/19/2014 2:18:16 PM
2014-10-19 14:18:16,774 [14] INFO notification - Started: 10/19/2014 2:18:16 PM
2014-10-19 14:18:16,775 [14] INFO notification - Started: 10/19/2014 2:18:16 PM
2014-10-19 14:18:16,775 [14] INFO notification - Started: 10/19/2014 2:18:16 PM
2014-10-19 14:18:16,775 [14] INFO notification - Started: 10/19/2014 2:18:16 PM
2014-10-19 14:18:16,776 [14] INFO notification - Started: 10/19/2014 2:18:16 PM
2014-10-19 14:18:16,790 [14] INFO notification - Started: 10/19/2014 2:18:16 PM
2014-10-19 14:18:16,792 [14] INFO notification - Started: 10/19/2014 2:18:16 PM
2014-10-19 14:18:16,793 [14] INFO notification - Started: 10/19/2014 2:18:16 PM
2014-10-19 14:18:16,793 [14] INFO notification - Started: 10/19/2014 2:18:16 PM
2014-10-19 14:18:16,793 [14] INFO notification - Started: 10/19/2014 2:18:16 PM
2014-10-19 14:18:16,796 [14] INFO notification - Started: 10/19/2014 2:18:16 PM
2014-10-19 14:18:16,796 [14] INFO notification - Started: 10/19/2014 2:18:16 PM
2014-10-19 14:18:16,797 [14] INFO notification - Started: 10/19/2014 2:18:16 PM
2014-10-19 14:18:16,797 [14] INFO notification - Started: 10/19/2014 2:18:16 PM
2014-10-19 14:18:16,798 [14] INFO notification - Started: 10/19/2014 2:18:16 PM
2014-10-19 14:18:16,798 [14] INFO notification - Started: 10/19/2014 2:18:16 PM
2014-10-19 14:18:16,799 [14] INFO notification - Started: 10/19/2014 2:18:16 PM
2014-10-19 14:18:16,799 [14] INFO notification - Started: 10/19/2014 2:18:16 PM
2014-10-19 14:18:16,800 [14] INFO notification - Started: 10/19/2014 2:18:16 PM
2014-10-19 14:18:16,800 [14] INFO notification - Started: 10/19/2014 2:18:16 PM
2014-10-19 14:18:16,800 [14] INFO notification - Started: 10/19/2014 2:18:16 PM
2014-10-19 14:18:16,805 [14] INFO notification - Started: 10/19/2014 2:18:16 PM
2014-10-19 14:18:16,805 [14] INFO notification - Started: 10/19/2014 2:18:16 PM
2014-10-19 14:18:16,806 [14] INFO notification - Started: 10/19/2014 2:18:16 PM
2014-10-19 14:18:16,806 [14] INFO notification - Started: 10/19/2014 2:18:16 PM
2014-10-19 14:18:16,806 [14] INFO notification - Started: 10/19/2014 2:18:16 PM
2014-10-19 14:18:16,807 [14] INFO notification - Started: 10/19/2014 2:18:16 PM
2014-10-19 14:18:16,807 [14] INFO notification - Started: 10/19/2014 2:18:16 PM
2014-10-19 14:18:16,810 [14] INFO notification - Started: 10/19/2014 2:18:16 PM
2014-10-19 14:18:16,810 [14] INFO notification - Started: 10/19/2014 2:18:16 PM
2014-10-19 14:18:16,810 [14] INFO notification - Started: 10/19/2014 2:18:16 PM
2014-10-19 14:18:16,811 [14] INFO notification - Started: 10/19/2014 2:18:16 PM
2014-10-19 14:18:16,811 [14] INFO notification - Started: 10/19/2014 2:18:16 PM
2014-10-19 14:18:16,812 [14] INFO notification - Started: 10/19/2014 2:18:16 PM
2014-10-19 14:18:16,812 [14] INFO notification - Started: 10/19/2014 2:18:16 PM
2014-10-19 14:18:16,815 [14] INFO notification - Started: 10/19/2014 2:18:16 PM
2014-10-19 14:18:16,816 [14] INFO notification - Started: 10/19/2014 2:18:16 PM
2014-10-19 14:18:16,816 [14] INFO notification - Started: 10/19/2014 2:18:16 PM
2014-10-19 14:18:16,816 [14] INFO notification - Started: 10/19/2014 2:18:16 PM
2014-10-19 14:18:16,817 [14] INFO notification - Started: 10/19/2014 2:18:16 PM
2014-10-19 14:18:16,817 [14] INFO notification - Started: 10/19/2014 2:18:16 PM
2014-10-19 14:18:16,831 [14] INFO notification - Started: 10/19/2014 2:18:16 PM
2014-10-19 14:18:16,831 [14] INFO notification - Started: 10/19/2014 2:18:16 PM
2014-10-19 14:18:16,832 [14] INFO notification - Started: 10/19/2014 2:18:16 PM
2014-10-19 14:18:16,832 [14] INFO notification - Started: 10/19/2014 2:18:16 PM
2014-10-19 14:18:16,837 [14] INFO notification - Started: 10/19/2014 2:18:16 PM
2014-10-19 14:18:16,840 [14] INFO notification - Started: 10/19/2014 2:18:16 PM
2014-10-19 14:18:16,840 [14] INFO notification - Started: 10/19/2014 2:18:16 PM
2014-10-19 14:18:16,841 [14] INFO notification - Started: 10/19/2014 2:18:16 PM
2014-10-19 14:18:16,841 [14] INFO notification - Started: 10/19/2014 2:18:16 PM
2014-10-19 14:18:16,865 [14] INFO notification - Started: 10/19/2014 2:18:16 PM
2014-10-19 14:18:16,865 [14] INFO notification - Started: 10/19/2014 2:18:16 PM
2014-10-19 14:18:16,865 [14] INFO notification - Started: 10/19/2014 2:18:16 PM
2014-10-19 14:18:16,866 [14] INFO notification - Started: 10/19/2014 2:18:16 PM
2014-10-19 14:18:16,866 [14] INFO notification - Started: 10/19/2014 2:18:16 PM
2014-10-19 14:18:16,866 [14] INFO notification - Started: 10/19/2014 2:18:16 PM
2014-10-19 14:18:16,867 [14] INFO notification - Started: 10/19/2014 2:18:16 PM
2014-10-19 14:18:16,867 [14] INFO notification - Started: 10/19/2014 2:18:16 PM
2014-10-19 14:18:16,868 [14] INFO notification - Started: 10/19/2014 2:18:16 PM
2014-10-19 14:18:16,868 [14] INFO notification - Started: 10/19/2014 2:18:16 PM
2014-10-19 14:18:16,869 [14] INFO notification - Started: 10/19/2014 2:18:16 PM
2014-10-19 14:18:16,875 [14] INFO notification - Started: 10/19/2014 2:18:16 PM
2014-10-19 14:18:16,876 [14] INFO notification - Started: 10/19/2014 2:18:16 PM
2014-10-19 14:18:16,876 [14] INFO notification - Started: 10/19/2014 2:18:16 PM
2014-10-19 14:18:16,883 [14] INFO notification - Started: 10/19/2014 2:18:16 PM
2014-10-19 14:18:16,883 [14] INFO notification - Started: 10/19/2014 2:18:16 PM
2014-10-19 14:18:16,884 [14] INFO notification - Started: 10/19/2014 2:18:16 PM
2014-10-19 14:18:16,884 [14] INFO notification - Started: 10/19/2014 2:18:16 PM
2014-10-19 14:18:16,885 [14] INFO notification - Started: 10/19/2014 2:18:16 PM
2014-10-19 14:18:16,886 [14] INFO notification - Started: 10/19/2014 2:18:16 PM
2014-10-19 14:18:16,899 [14] INFO notification - Started: 10/19/2014 2:18:16 PM
2014-10-19 14:18:16,915 [14] INFO notification - Started: 10/19/2014 2:18:16 PM
2014-10-19 14:18:16,916 [14] INFO notification - Started: 10/19/2014 2:18:16 PM
2014-10-19 14:18:16,916 [14] INFO notification - Started: 10/19/2014 2:18:16 PM
2014-10-19 14:18:16,918 [14] INFO notification - Started: 10/19/2014 2:18:16 PM
2014-10-19 14:18:16,924 [14] INFO notification - Started: 10/19/2014 2:18:16 PM
2014-10-19 14:18:16,925 [14] INFO notification - Started: 10/19/2014 2:18:16 PM
2014-10-19 14:18:16,925 [14] INFO notification - Started: 10/19/2014 2:18:16 PM
2014-10-19 14:18:16,926 [14] INFO notification - Started: 10/19/2014 2:18:16 PM
2014-10-19 14:18:16,926 [14] INFO notification - Started: 10/19/2014 2:18:16 PM
2014-10-19 14:18:16,927 [14] INFO notification - Started: 10/19/2014 2:18:16 PM
2014-10-19 14:18:16,928 [14] INFO notification - Started: 10/19/2014 2:18:16 PM
2014-10-19 14:18:16,929 [14] INFO notification - Started: 10/19/2014 2:18:16 PM
2014-10-19 14:18:16,929 [14] INFO notification - Started: 10/19/2014 2:18:16 PM
2014-10-19 14:18:16,930 [14] INFO notification - Started: 10/19/2014 2:18:16 PM
2014-10-19 14:18:16,930 [14] INFO notification - Started: 10/19/2014 2:18:16 PM
2014-10-19 14:18:16,930 [14] INFO notification - Started: 10/19/2014 2:18:16 PM
2014-10-19 14:18:16,936 [14] INFO notification - Started: 10/19/2014 2:18:16 PM
2014-10-19 14:18:16,940 [14] INFO notification - Started: 10/19/2014 2:18:16 PM
2014-10-19 14:18:16,946 [14] INFO notification - Started: 10/19/2014 2:18:16 PM
2014-10-19 14:18:16,946 [14] INFO notification - Started: 10/19/2014 2:18:16 PM
2014-10-19 14:18:16,947 [14] INFO notification - Started: 10/19/2014 2:18:16 PM
2014-10-19 14:18:16,947 [14] INFO notification - Started: 10/19/2014 2:18:16 PM
2014-10-19 14:18:16,948 [14] INFO notification - Started: 10/19/2014 2:18:16 PM
2014-10-19 14:18:16,951 [14] INFO notification - Started: 10/19/2014 2:18:16 PM
2014-10-19 14:18:16,952 [14] INFO notification - Started: 10/19/2014 2:18:16 PM
2014-10-19 14:18:16,954 [14] INFO notification - Started: 10/19/2014 2:18:16 PM
2014-10-19 14:18:16,955 [14] INFO notification - Started: 10/19/2014 2:18:16 PM
2014-10-19 14:18:16,956 [14] INFO notification - Started: 10/19/2014 2:18:16 PM
2014-10-19 14:18:16,956 [14] INFO notification - Started: 10/19/2014 2:18:16 PM
2014-10-19 14:18:16,957 [14] INFO notification - Started: 10/19/2014 2:18:16 PM
2014-10-19 14:18:16,957 [14] INFO notification - Started: 10/19/2014 2:18:16 PM
2014-10-19 14:18:16,957 [14] INFO notification - Started: 10/19/2014 2:18:16 PM
2014-10-19 14:18:16,964 [14] INFO notification - Started: 10/19/2014 2:18:16 PM
2014-10-19 14:18:16,965 [14] INFO notification - Started: 10/19/2014 2:18:16 PM
2014-10-19 14:18:16,965 [14] INFO notification - Started: 10/19/2014 2:18:16 PM
2014-10-19 14:18:16,968 [14] INFO notification - Started: 10/19/2014 2:18:16 PM
2014-10-19 14:18:16,968 [14] INFO notification - Started: 10/19/2014 2:18:16 PM
2014-10-19 14:18:16,969 [14] INFO notification - Started: 10/19/2014 2:18:16 PM
2014-10-19 14:18:16,969 [14] INFO notification - Started: 10/19/2014 2:18:16 PM
2014-10-19 14:18:16,970 [14] INFO notification - Started: 10/19/2014 2:18:16 PM
2014-10-19 14:18:16,974 [14] INFO notification - Started: 10/19/2014 2:18:16 PM
2014-10-19 14:18:16,974 [14] INFO notification - Started: 10/19/2014 2:18:16 PM
2014-10-19 14:18:16,975 [14] INFO notification - Started: 10/19/2014 2:18:16 PM
2014-10-19 14:18:16,978 [14] INFO notification - Started: 10/19/2014 2:18:16 PM
2014-10-19 14:18:16,979 [14] INFO notification - Started: 10/19/2014 2:18:16 PM
2014-10-19 14:18:16,979 [14] INFO notification - Started: 10/19/2014 2:18:16 PM
2014-10-19 14:18:16,979 [14] INFO notification - Started: 10/19/2014 2:18:16 PM
2014-10-19 14:18:16,983 [14] INFO notification - Started: 10/19/2014 2:18:16 PM
2014-10-19 14:18:16,984 [14] INFO notification - Started: 10/19/2014 2:18:16 PM
2014-10-19 14:18:16,984 [14] INFO notification - Started: 10/19/2014 2:18:16 PM
2014-10-19 14:18:16,984 [14] INFO notification - Started: 10/19/2014 2:18:16 PM
2014-10-19 14:18:16,985 [14] INFO notification - Started: 10/19/2014 2:18:16 PM
2014-10-19 14:18:16,994 [14] INFO notification - Started: 10/19/2014 2:18:16 PM
2014-10-19 14:18:16,998 [14] INFO notification - Started: 10/19/2014 2:18:16 PM
2014-10-19 14:18:16,998 [14] INFO notification - Started: 10/19/2014 2:18:16 PM
2014-10-19 14:18:16,999 [14] INFO notification - Started: 10/19/2014 2:18:16 PM
2014-10-19 14:18:17,004 [14] INFO notification - Started: 10/19/2014 2:18:16 PM
2014-10-19 14:18:17,004 [14] INFO notification - Started: 10/19/2014 2:18:16 PM
2014-10-19 14:18:17,005 [14] INFO notification - Started: 10/19/2014 2:18:16 PM
2014-10-19 14:18:17,006 [14] INFO notification - Started: 10/19/2014 2:18:16 PM
2014-10-19 14:18:17,006 [14] INFO notification - Started: 10/19/2014 2:18:16 PM
2014-10-19 14:18:17,007 [14] INFO notification - Started: 10/19/2014 2:18:16 PM
2014-10-19 14:18:17,007 [14] INFO notification - Started: 10/19/2014 2:18:16 PM
2014-10-19 14:18:17,007 [14] INFO notification - Started: 10/19/2014 2:18:16 PM
2014-10-19 14:18:17,016 [14] INFO notification - Started: 10/19/2014 2:18:16 PM
2014-10-19 14:18:17,016 [14] INFO notification - Started: 10/19/2014 2:18:16 PM
2014-10-19 14:18:17,017 [14] INFO notification - Started: 10/19/2014 2:18:16 PM
2014-10-19 14:18:17,023 [14] INFO notification - Started: 10/19/2014 2:18:16 PM
2014-10-19 14:18:17,024 [14] INFO notification - Started: 10/19/2014 2:18:16 PM
2014-10-19 14:18:17,024 [14] INFO notification - Started: 10/19/2014 2:18:16 PM
2014-10-19 14:18:17,025 [14] INFO notification - Started: 10/19/2014 2:18:16 PM
2014-10-19 14:18:17,025 [14] INFO notification - Started: 10/19/2014 2:18:16 PM
2014-10-19 14:18:17,045 [14] INFO notification - Started: 10/19/2014 2:18:16 PM
2014-10-19 14:18:17,046 [14] INFO notification - Started: 10/19/2014 2:18:16 PM
2014-10-19 14:18:17,046 [14] INFO notification - Started: 10/19/2014 2:18:16 PM
2014-10-19 14:18:17,046 [14] INFO notification - Started: 10/19/2014 2:18:16 PM
2014-10-19 14:18:17,051 [14] INFO notification - Started: 10/19/2014 2:18:16 PM
2014-10-19 14:18:17,052 [14] INFO notification - Started: 10/19/2014 2:18:16 PM
2014-10-19 14:18:17,052 [14] INFO notification - Started: 10/19/2014 2:18:16 PM
2014-10-19 14:18:17,053 [14] INFO notification - Started: 10/19/2014 2:18:16 PM
2014-10-19 14:18:17,059 [14] INFO notification - Started: 10/19/2014 2:18:16 PM
2014-10-19 14:18:17,060 [14] INFO notification - Started: 10/19/2014 2:18:16 PM
2014-10-19 14:18:17,060 [14] INFO notification - Started: 10/19/2014 2:18:16 PM
2014-10-19 14:18:17,061 [14] INFO notification - Started: 10/19/2014 2:18:16 PM
2014-10-19 14:18:17,061 [14] INFO notification - Started: 10/19/2014 2:18:16 PM
2014-10-19 14:18:17,061 [14] INFO notification - Started: 10/19/2014 2:18:16 PM
2014-10-19 14:18:17,062 [14] INFO notification - Started: 10/19/2014 2:18:16 PM
2014-10-19 14:18:17,062 [14] INFO notification - Started: 10/19/2014 2:18:16 PM
2014-10-19 14:18:17,062 [14] INFO notification - Started: 10/19/2014 2:18:16 PM
2014-10-19 14:18:17,063 [14] INFO notification - Started: 10/19/2014 2:18:16 PM
2014-10-19 14:18:17,063 [14] INFO notification - Started: 10/19/2014 2:18:16 PM
2014-10-19 14:18:17,063 [14] INFO notification - Started: 10/19/2014 2:18:16 PM
2014-10-19 14:18:17,064 [14] INFO notification - Started: 10/19/2014 2:18:16 PM
2014-10-19 14:18:17,064 [14] INFO notification - Started: 10/19/2014 2:18:16 PM
2014-10-19 14:18:17,066 [14] INFO notification - Started: 10/19/2014 2:18:16 PM
2014-10-19 14:18:17,067 [14] INFO notification - Started: 10/19/2014 2:18:16 PM
2014-10-19 14:18:17,074 [14] INFO notification - Started: 10/19/2014 2:18:16 PM
2014-10-19 14:18:17,075 [14] INFO notification - Started: 10/19/2014 2:18:16 PM
2014-10-19 14:18:17,075 [14] INFO notification - Started: 10/19/2014 2:18:16 PM
2014-10-19 14:18:17,075 [14] INFO notification - Started: 10/19/2014 2:18:16 PM
2014-10-19 14:18:17,076 [14] INFO notification - Started: 10/19/2014 2:18:16 PM
2014-10-19 14:18:17,082 [14] INFO notification - Started: 10/19/2014 2:18:16 PM
2014-10-19 14:18:17,083 [14] INFO notification - Started: 10/19/2014 2:18:16 PM
2014-10-19 14:18:17,084 [14] INFO notification - Started: 10/19/2014 2:18:16 PM
2014-10-19 14:18:17,084 [14] INFO notification - Started: 10/19/2014 2:18:16 PM
2014-10-19 14:18:17,084 [14] INFO notification - Started: 10/19/2014 2:18:16 PM
2014-10-19 14:18:17,085 [14] INFO notification - Started: 10/19/2014 2:18:16 PM
2014-10-19 14:18:17,086 [14] INFO notification - Started: 10/19/2014 2:18:16 PM
2014-10-19 14:18:17,086 [14] INFO notification - Started: 10/19/2014 2:18:16 PM
2014-10-19 14:18:17,086 [14] INFO notification - Started: 10/19/2014 2:18:16 PM
2014-10-19 14:18:17,087 [14] INFO notification - Started: 10/19/2014 2:18:16 PM
2014-10-19 14:18:17,087 [14] INFO notification - Started: 10/19/2014 2:18:16 PM
2014-10-19 14:18:17,088 [14] INFO notification - Started: 10/19/2014 2:18:16 PM
2014-10-19 14:18:17,088 [14] INFO notification - Started: 10/19/2014 2:18:16 PM
2014-10-19 14:18:17,088 [14] INFO notification - Started: 10/19/2014 2:18:16 PM
2014-10-19 14:18:17,089 [14] INFO notification - Started: 10/19/2014 2:18:16 PM
2014-10-19 14:18:17,089 [14] INFO notification - Started: 10/19/2014 2:18:16 PM
2014-10-19 14:18:17,090 [14] INFO notification - Started: 10/19/2014 2:18:16 PM
2014-10-19 14:18:17,090 [14] INFO notification - Started: 10/19/2014 2:18:16 PM
2014-10-19 14:18:17,091 [14] INFO notification - Started: 10/19/2014 2:18:16 PM
2014-10-19 14:18:17,096 [14] INFO notification - Started: 10/19/2014 2:18:16 PM
2014-10-19 14:18:17,096 [14] INFO notification - Started: 10/19/2014 2:18:16 PM
2014-10-19 14:18:17,096 [14] INFO notification - Started: 10/19/2014 2:18:16 PM
2014-10-19 14:18:17,097 [14] INFO notification - Started: 10/19/2014 2:18:16 PM
2014-10-19 14:18:17,097 [14] INFO notification - Started: 10/19/2014 2:18:16 PM
2014-10-19 14:18:17,098 [14] INFO notification - Started: 10/19/2014 2:18:16 PM
2014-10-19 14:18:17,102 [14] INFO notification - Started: 10/19/2014 2:18:16 PM
2014-10-19 14:18:17,105 [14] INFO notification - Started: 10/19/2014 2:18:16 PM
2014-10-19 14:18:17,106 [14] INFO notification - Started: 10/19/2014 2:18:16 PM
2014-10-19 14:18:17,106 [14] INFO notification - Started: 10/19/2014 2:18:16 PM
2014-10-19 14:18:17,107 [14] INFO notification - Started: 10/19/2014 2:18:16 PM
2014-10-19 14:18:17,107 [14] INFO notification - Started: 10/19/2014 2:18:16 PM
2014-10-19 14:18:17,107 [14] INFO notification - Started: 10/19/2014 2:18:16 PM
2014-10-19 14:18:17,108 [14] INFO notification - Started: 10/19/2014 2:18:16 PM
2014-10-19 14:18:17,108 [14] INFO notification - Started: 10/19/2014 2:18:16 PM
2014-10-19 14:18:17,109 [14] INFO notification - Started: 10/19/2014 2:18:16 PM
2014-10-19 14:18:17,109 [14] INFO notification - Started: 10/19/2014 2:18:16 PM
2014-10-19 14:18:17,109 [14] INFO notification - Started: 10/19/2014 2:18:16 PM
2014-10-19 14:18:17,110 [14] INFO notification - Started: 10/19/2014 2:18:16 PM
2014-10-19 14:18:17,110 [14] INFO notification - Started: 10/19/2014 2:18:16 PM
2014-10-19 14:18:17,111 [14] INFO notification - Started: 10/19/2014 2:18:16 PM
2014-10-19 14:18:17,111 [14] INFO notification - Started: 10/19/2014 2:18:16 PM
2014-10-19 14:18:17,111 [14] INFO notification - Started: 10/19/2014 2:18:16 PM
2014-10-19 14:18:17,112 [14] INFO notification - Started: 10/19/2014 2:18:16 PM
2014-10-19 14:18:17,117 [14] INFO notification - Started: 10/19/2014 2:18:16 PM
2014-10-19 14:18:17,117 [14] INFO notification - Started: 10/19/2014 2:18:16 PM
2014-10-19 14:18:17,118 [14] INFO notification - Started: 10/19/2014 2:18:16 PM
2014-10-19 14:18:17,118 [14] INFO notification - Started: 10/19/2014 2:18:16 PM
2014-10-19 14:18:17,118 [14] INFO notification - Started: 10/19/2014 2:18:16 PM
2014-10-19 14:18:17,119 [14] INFO notification - Started: 10/19/2014 2:18:16 PM
2014-10-19 14:18:17,119 [14] INFO notification - Started: 10/19/2014 2:18:16 PM
2014-10-19 14:18:17,119 [14] INFO notification - Started: 10/19/2014 2:18:16 PM
2014-10-19 14:18:17,120 [14] INFO notification - Started: 10/19/2014 2:18:16 PM
2014-10-19 14:18:17,120 [14] INFO notification - Started: 10/19/2014 2:18:16 PM
2014-10-19 14:18:17,120 [14] INFO notification - Started: 10/19/2014 2:18:16 PM
2014-10-19 14:18:17,121 [14] INFO notification - Started: 10/19/2014 2:18:16 PM
2014-10-19 14:18:17,121 [14] INFO notification - Started: 10/19/2014 2:18:16 PM
2014-10-19 14:18:17,122 [14] INFO notification - Started: 10/19/2014 2:18:16 PM
2014-10-19 14:18:17,122 [14] INFO notification - Started: 10/19/2014 2:18:16 PM
2014-10-19 14:18:17,122 [14] INFO notification - Started: 10/19/2014 2:18:16 PM
2014-10-19 14:18:17,128 [14] INFO notification - Started: 10/19/2014 2:18:16 PM
2014-10-19 14:18:17,129 [14] INFO notification - Started: 10/19/2014 2:18:16 PM
2014-10-19 14:18:17,130 [14] INFO notification - Started: 10/19/2014 2:18:16 PM
2014-10-19 14:18:17,130 [14] INFO notification - Started: 10/19/2014 2:18:16 PM
2014-10-19 14:18:17,130 [14] INFO notification - Started: 10/19/2014 2:18:16 PM
2014-10-19 14:18:17,133 [14] INFO notification - Started: 10/19/2014 2:18:16 PM
2014-10-19 14:18:17,137 [14] INFO notification - Started: 10/19/2014 2:18:16 PM
2014-10-19 14:18:17,138 [14] INFO notification - Started: 10/19/2014 2:18:16 PM
2014-10-19 14:18:17,140 [14] INFO notification - Started: 10/19/2014 2:18:16 PM
2014-10-19 14:18:17,141 [14] INFO notification - Started: 10/19/2014 2:18:16 PM
2014-10-19 14:18:17,141 [14] INFO notification - Started: 10/19/2014 2:18:16 PM
2014-10-19 14:18:17,147 [14] INFO notification - Started: 10/19/2014 2:18:16 PM
2014-10-19 14:18:17,148 [14] INFO notification - Started: 10/19/2014 2:18:16 PM
2014-10-19 14:18:17,148 [14] INFO notification - Started: 10/19/2014 2:18:16 PM
2014-10-19 14:18:17,161 [14] INFO notification - Started: 10/19/2014 2:18:16 PM
2014-10-19 14:18:17,161 [14] INFO notification - Started: 10/19/2014 2:18:16 PM
2014-10-19 14:18:17,162 [14] INFO notification - Started: 10/19/2014 2:18:16 PM
2014-10-19 14:18:17,165 [14] INFO notification - Started: 10/19/2014 2:18:16 PM
2014-10-19 14:18:17,166 [14] INFO notification - Started: 10/19/2014 2:18:16 PM
2014-10-19 14:18:17,166 [14] INFO notification - Started: 10/19/2014 2:18:16 PM
2014-10-19 14:18:17,167 [14] INFO notification - Started: 10/19/2014 2:18:16 PM
2014-10-19 14:18:17,167 [14] INFO notification - Started: 10/19/2014 2:18:16 PM
2014-10-19 14:18:17,167 [14] INFO notification - Started: 10/19/2014 2:18:16 PM
2014-10-19 14:18:17,168 [14] INFO notification - Started: 10/19/2014 2:18:16 PM
2014-10-19 14:18:17,168 [14] INFO notification - Started: 10/19/2014 2:18:16 PM
2014-10-19 14:18:17,169 [14] INFO notification - Started: 10/19/2014 2:18:16 PM
2014-10-19 14:18:17,169 [14] INFO notification - Started: 10/19/2014 2:18:16 PM
2014-10-19 14:18:17,170 [14] INFO notification - Started: 10/19/2014 2:18:16 PM
2014-10-19 14:18:17,170 [14] INFO notification - Started: 10/19/2014 2:18:16 PM
2014-10-19 14:18:17,171 [14] INFO notification - Started: 10/19/2014 2:18:16 PM
2014-10-19 14:18:17,172 [14] INFO notification - Started: 10/19/2014 2:18:16 PM
2014-10-19 14:18:17,172 [14] INFO notification - Started: 10/19/2014 2:18:16 PM
2014-10-19 14:18:17,172 [14] INFO notification - Started: 10/19/2014 2:18:16 PM
2014-10-19 14:18:17,174 [14] INFO notification - Started: 10/19/2014 2:18:16 PM
2014-10-19 14:18:17,175 [14] INFO notification - Started: 10/19/2014 2:18:16 PM
2014-10-19 14:18:17,181 [14] INFO notification - Started: 10/19/2014 2:18:16 PM
2014-10-19 14:18:17,181 [14] INFO notification - Started: 10/19/2014 2:18:16 PM
2014-10-19 14:18:17,183 [14] INFO notification - Started: 10/19/2014 2:18:16 PM
2014-10-19 14:18:17,184 [14] INFO notification - Started: 10/19/2014 2:18:16 PM
2014-10-19 14:18:17,184 [14] INFO notification - Started: 10/19/2014 2:18:16 PM
2014-10-19 14:18:17,191 [14] INFO notification - Started: 10/19/2014 2:18:16 PM
2014-10-19 14:18:17,192 [14] INFO notification - Started: 10/19/2014 2:18:16 PM
2014-10-19 14:18:17,192 [14] INFO notification - Started: 10/19/2014 2:18:16 PM
2014-10-19 14:18:17,193 [14] INFO notification - Started: 10/19/2014 2:18:16 PM
2014-10-19 14:18:17,196 [14] INFO notification - Started: 10/19/2014 2:18:16 PM
2014-10-19 14:18:17,196 [14] INFO notification - Started: 10/19/2014 2:18:16 PM
2014-10-19 14:18:17,196 [14] INFO notification - Started: 10/19/2014 2:18:16 PM
2014-10-19 14:18:17,199 [14] INFO notification - Started: 10/19/2014 2:18:16 PM
2014-10-19 14:18:17,200 [14] INFO notification - Started: 10/19/2014 2:18:16 PM
2014-10-19 14:18:17,204 [14] INFO notification - Started: 10/19/2014 2:18:16 PM
2014-10-19 14:18:17,204 [14] INFO notification - Started: 10/19/2014 2:18:16 PM
2014-10-19 14:18:17,205 [14] INFO notification - Started: 10/19/2014 2:18:16 PM
2014-10-19 14:18:17,205 [14] INFO notification - Started: 10/19/2014 2:18:16 PM
2014-10-19 14:18:17,205 [14] INFO notification - Started: 10/19/2014 2:18:16 PM
2014-10-19 14:18:17,206 [14] INFO notification - Started: 10/19/2014 2:18:16 PM
2014-10-19 14:18:17,207 [14] INFO notification - Started: 10/19/2014 2:18:16 PM
2014-10-19 14:18:17,212 [14] INFO notification - Started: 10/19/2014 2:18:16 PM
2014-10-19 14:18:17,213 [14] INFO notification - Started: 10/19/2014 2:18:16 PM
2014-10-19 14:18:17,216 [14] INFO notification - Started: 10/19/2014 2:18:16 PM
2014-10-19 14:18:17,217 [14] INFO notification - Started: 10/19/2014 2:18:16 PM
2014-10-19 14:18:17,217 [14] INFO notification - Started: 10/19/2014 2:18:16 PM
2014-10-19 14:18:17,233 [14] INFO notification - Started: 10/19/2014 2:18:16 PM
2014-10-19 14:18:17,235 [14] INFO notification - Started: 10/19/2014 2:18:16 PM
2014-10-19 14:18:17,235 [14] INFO notification - Started: 10/19/2014 2:18:16 PM
2014-10-19 14:18:17,236 [14] INFO notification - Started: 10/19/2014 2:18:16 PM
2014-10-19 14:18:17,237 [14] INFO notification - Started: 10/19/2014 2:18:16 PM
2014-10-19 14:18:17,237 [14] INFO notification - Started: 10/19/2014 2:18:16 PM
2014-10-19 14:18:17,244 [14] INFO notification - Started: 10/19/2014 2:18:16 PM
2014-10-19 14:18:17,247 [14] INFO notification - Started: 10/19/2014 2:18:16 PM
2014-10-19 14:18:17,247 [14] INFO notification - Started: 10/19/2014 2:18:16 PM
2014-10-19 14:18:17,247 [14] INFO notification - Started: 10/19/2014 2:18:16 PM
2014-10-19 14:18:17,254 [14] INFO notification - Started: 10/19/2014 2:18:16 PM
2014-10-19 14:18:17,255 [14] INFO notification - Started: 10/19/2014 2:18:16 PM
2014-10-19 14:18:17,255 [14] INFO notification - Started: 10/19/2014 2:18:16 PM
2014-10-19 14:18:17,255 [14] INFO notification - Started: 10/19/2014 2:18:16 PM
2014-10-19 14:18:17,256 [14] INFO notification - Started: 10/19/2014 2:18:16 PM
2014-10-19 14:18:17,256 [14] INFO notification - Started: 10/19/2014 2:18:16 PM
2014-10-19 14:18:17,260 [14] INFO notification - Started: 10/19/2014 2:18:16 PM
2014-10-19 14:18:17,260 [14] INFO notification - Started: 10/19/2014 2:18:16 PM
2014-10-19 14:18:17,268 [14] INFO notification - Started: 10/19/2014 2:18:16 PM
2014-10-19 14:18:17,277 [14] INFO notification - Started: 10/19/2014 2:18:16 PM
2014-10-19 14:18:17,277 [14] INFO notification - Started: 10/19/2014 2:18:16 PM
2014-10-19 14:18:17,278 [14] INFO notification - Started: 10/19/2014 2:18:16 PM
2014-10-19 14:18:17,283 [14] INFO notification - Started: 10/19/2014 2:18:16 PM
2014-10-19 14:18:17,284 [14] INFO notification - Started: 10/19/2014 2:18:16 PM
2014-10-19 14:18:17,284 [14] INFO notification - Started: 10/19/2014 2:18:16 PM
2014-10-19 14:18:17,285 [14] INFO notification - Started: 10/19/2014 2:18:16 PM
2014-10-19 14:18:17,285 [14] INFO notification - Started: 10/19/2014 2:18:16 PM
2014-10-19 14:18:17,286 [14] INFO notification - Started: 10/19/2014 2:18:16 PM
2014-10-19 14:18:17,286 [14] INFO notification - Started: 10/19/2014 2:18:16 PM
2014-10-19 14:18:17,286 [14] INFO notification - Started: 10/19/2014 2:18:16 PM
2014-10-19 14:18:17,287 [14] INFO notification - Started: 10/19/2014 2:18:16 PM
2014-10-19 14:18:17,287 [14] INFO notification - Started: 10/19/2014 2:18:16 PM
2014-10-19 14:18:17,287 [14] INFO notification - Started: 10/19/2014 2:18:16 PM
2014-10-19 14:18:17,288 [14] INFO notification - Started: 10/19/2014 2:18:16 PM
2014-10-19 14:18:17,288 [14] INFO notification - Started: 10/19/2014 2:18:16 PM
2014-10-19 14:18:17,288 [14] INFO notification - Started: 10/19/2014 2:18:16 PM
2014-10-19 14:18:17,289 [14] INFO notification - Started: 10/19/2014 2:18:16 PM
2014-10-19 14:18:17,289 [14] INFO notification - Started: 10/19/2014 2:18:16 PM
2014-10-19 14:18:17,294 [14] INFO notification - Started: 10/19/2014 2:18:16 PM
2014-10-19 14:18:17,294 [14] INFO notification - Started: 10/19/2014 2:18:16 PM
2014-10-19 14:18:17,295 [14] INFO notification - Started: 10/19/2014 2:18:16 PM
2014-10-19 14:18:17,295 [14] INFO notification - Started: 10/19/2014 2:18:16 PM
2014-10-19 14:18:17,295 [14] INFO notification - Started: 10/19/2014 2:18:16 PM
2014-10-19 14:18:17,296 [14] INFO notification - Started: 10/19/2014 2:18:16 PM
2014-10-19 14:18:17,296 [14] INFO notification - Started: 10/19/2014 2:18:16 PM
2014-10-19 14:18:17,297 [14] INFO notification - Started: 10/19/2014 2:18:16 PM
2014-10-19 14:18:17,297 [14] INFO notification - Started: 10/19/2014 2:18:16 PM
2014-10-19 14:18:17,297 [14] INFO notification - Started: 10/19/2014 2:18:16 PM
2014-10-19 14:18:17,299 [14] INFO notification - Started: 10/19/2014 2:18:16 PM
2014-10-19 14:18:17,303 [14] INFO notification - Started: 10/19/2014 2:18:16 PM
2014-10-19 14:18:17,305 [14] INFO notification - Started: 10/19/2014 2:18:16 PM
2014-10-19 14:18:17,305 [14] INFO notification - Started: 10/19/2014 2:18:16 PM
2014-10-19 14:18:17,305 [14] INFO notification - Started: 10/19/2014 2:18:16 PM
2014-10-19 14:18:17,317 [14] INFO notification - Started: 10/19/2014 2:18:16 PM
2014-10-19 14:18:17,317 [14] INFO notification - Started: 10/19/2014 2:18:16 PM
2014-10-19 14:18:17,317 [14] INFO notification - Started: 10/19/2014 2:18:16 PM
2014-10-19 14:18:17,322 [14] INFO notification - Started: 10/19/2014 2:18:16 PM
2014-10-19 14:18:17,325 [14] INFO notification - Started: 10/19/2014 2:18:16 PM
2014-10-19 14:18:17,326 [14] INFO notification - Started: 10/19/2014 2:18:16 PM
2014-10-19 14:18:17,326 [14] INFO notification - Started: 10/19/2014 2:18:16 PM
2014-10-19 14:18:17,327 [14] INFO notification - Started: 10/19/2014 2:18:16 PM
2014-10-19 14:18:17,327 [14] INFO notification - Started: 10/19/2014 2:18:16 PM
2014-10-19 14:18:17,328 [14] INFO notification - Started: 10/19/2014 2:18:16 PM
2014-10-19 14:18:17,328 [14] INFO notification - Started: 10/19/2014 2:18:16 PM
2014-10-19 14:18:17,329 [14] INFO notification - Started: 10/19/2014 2:18:16 PM
2014-10-19 14:18:17,329 [14] INFO notification - Started: 10/19/2014 2:18:16 PM
2014-10-19 14:18:17,330 [14] INFO notification - Started: 10/19/2014 2:18:16 PM
2014-10-19 14:18:17,330 [14] INFO notification - Started: 10/19/2014 2:18:16 PM
2014-10-19 14:18:17,330 [14] INFO notification - Started: 10/19/2014 2:18:16 PM
2014-10-19 14:18:17,331 [14] INFO notification - Started: 10/19/2014 2:18:16 PM
2014-10-19 14:18:17,331 [14] INFO notification - Started: 10/19/2014 2:18:16 PM
2014-10-19 14:18:17,331 [14] INFO notification - Started: 10/19/2014 2:18:16 PM
2014-10-19 14:18:17,332 [14] INFO notification - Started: 10/19/2014 2:18:16 PM
2014-10-19 14:18:17,332 [14] INFO notification - Started: 10/19/2014 2:18:16 PM
2014-10-19 14:18:17,389 [14] INFO notification - Started: 10/19/2014 2:18:16 PM
2014-10-19 14:18:17,402 [14] INFO notification - Started: 10/19/2014 2:18:16 PM
2014-10-19 14:18:17,413 [14] INFO notification - Started: 10/19/2014 2:18:16 PM
2014-10-19 14:18:17,426 [14] INFO notification - Started: 10/19/2014 2:18:16 PM
2014-10-19 14:18:17,427 [14] INFO notification - Started: 10/19/2014 2:18:16 PM
2014-10-19 14:18:17,475 [14] INFO notification - Started: 10/19/2014 2:18:16 PM
2014-10-19 14:18:17,476 [14] INFO notification - Started: 10/19/2014 2:18:16 PM
2014-10-19 14:18:17,476 [14] INFO notification - Started: 10/19/2014 2:18:16 PM
2014-10-19 14:18:17,476 [14] INFO notification - Started: 10/19/2014 2:18:16 PM
2014-10-19 14:18:17,477 [14] INFO notification - Started: 10/19/2014 2:18:16 PM
2014-10-19 14:18:17,477 [14] INFO notification - Started: 10/19/2014 2:18:16 PM
2014-10-19 14:18:17,477 [14] INFO notification - Started: 10/19/2014 2:18:16 PM
2014-10-19 14:18:17,478 [14] INFO notification - Started: 10/19/2014 2:18:16 PM
2014-10-19 15:21:29,213 [14] INFO localhost - Thread finished: 10/19/2014 3:21:29 PM
2014-10-19 15:21:29,229 [14] INFO localhost - Thread finished: 10/19/2014 3:21:29 PM
2014-10-19 15:21:29,229 [14] INFO Summary - 
---------------------------------------------------------------
Name                                    :|       Max|       Min|       Ave|     N5aVE|     N5mAX|      Last|100 MovAve|count | longRunning 
---------------------------------------------------------------

2014-10-19 15:21:29,230 [14] INFO Summary - 
---------------------------------------------------------------
Name                                    :|       Max|       Min|       Ave|     N5aVE|     N5mAX|      Last|100 MovAve|count | longRunning 
---------------------------------------------------------------

2014-10-19 15:21:29,230 [14] INFO localhost - Thread finished: 10/19/2014 3:21:29 PM
2014-10-19 15:21:29,231 [14] INFO Summary - 
---------------------------------------------------------------
Name                                    :|       Max|       Min|       Ave|     N5aVE|     N5mAX|      Last|100 MovAve|count | longRunning 
---------------------------------------------------------------

2014-10-19 15:21:29,231 [14] INFO localhost - Thread finished: 10/19/2014 3:21:29 PM
2014-10-19 15:21:29,231 [14] INFO Summary - 
---------------------------------------------------------------
Name                                    :|       Max|       Min|       Ave|     N5aVE|     N5mAX|      Last|100 MovAve|count | longRunning 
---------------------------------------------------------------

2014-10-19 15:21:29,232 [14] INFO localhost - Thread finished: 10/19/2014 3:21:29 PM
2014-10-19 15:21:29,233 [14] INFO Summary - 
---------------------------------------------------------------
Name                                    :|       Max|       Min|       Ave|     N5aVE|     N5mAX|      Last|100 MovAve|count | longRunning 
---------------------------------------------------------------

2014-10-19 15:23:36,972 [14] INFO localhost - Thread finished: 10/19/2014 3:23:36 PM
2014-10-19 15:23:37,000 [14] INFO Summary - 
---------------------------------------------------------------
Name                                    :|       Max|       Min|       Ave|     N5aVE|     N5mAX|      Last|100 MovAve|count | longRunning 
---------------------------------------------------------------

2014-10-19 15:23:37,000 [14] INFO localhost - Thread finished: 10/19/2014 3:23:36 PM
2014-10-19 15:23:37,001 [14] INFO Summary - 
---------------------------------------------------------------
Name                                    :|       Max|       Min|       Ave|     N5aVE|     N5mAX|      Last|100 MovAve|count | longRunning 
---------------------------------------------------------------

2014-10-19 15:23:37,001 [14] INFO localhost - Thread finished: 10/19/2014 3:23:36 PM
2014-10-19 15:23:37,002 [14] INFO Summary - 
---------------------------------------------------------------
Name                                    :|       Max|       Min|       Ave|     N5aVE|     N5mAX|      Last|100 MovAve|count | longRunning 
---------------------------------------------------------------

2014-10-19 15:23:37,002 [14] INFO localhost - Thread finished: 10/19/2014 3:23:36 PM
2014-10-19 15:23:37,002 [14] INFO Summary - 
---------------------------------------------------------------
Name                                    :|       Max|       Min|       Ave|     N5aVE|     N5mAX|      Last|100 MovAve|count | longRunning 
---------------------------------------------------------------

2014-10-19 15:23:37,004 [14] INFO localhost - Thread finished: 10/19/2014 3:23:36 PM
2014-10-19 15:23:37,005 [14] INFO Summary - 
---------------------------------------------------------------
Name                                    :|       Max|       Min|       Ave|     N5aVE|     N5mAX|      Last|100 MovAve|count | longRunning 
---------------------------------------------------------------

2014-10-19 15:30:40,670 [14] INFO localhost - Thread finished: 10/19/2014 3:30:40 PM
2014-10-19 15:30:40,691 [14] INFO localhost - Thread finished: 10/19/2014 3:30:40 PM
2014-10-19 15:30:40,692 [14] INFO localhost - Thread finished: 10/19/2014 3:30:40 PM
2014-10-19 15:30:40,692 [14] INFO localhost - Thread finished: 10/19/2014 3:30:40 PM
2014-10-19 15:30:40,692 [14] INFO localhost - Thread finished: 10/19/2014 3:30:40 PM
2014-10-19 15:30:40,692 [14] INFO Summary - 
---------------------------------------------------------------
Name                                    :|       Max|       Min|       Ave|     N5aVE|     N5mAX|      Last|100 MovAve|count | longRunning 
---------------------------------------------------------------

2014-10-19 15:30:40,693 [14] INFO Summary - 
---------------------------------------------------------------
Name                                    :|       Max|       Min|       Ave|     N5aVE|     N5mAX|      Last|100 MovAve|count | longRunning 
---------------------------------------------------------------

2014-10-19 15:30:40,693 [14] INFO Summary - 
---------------------------------------------------------------
Name                                    :|       Max|       Min|       Ave|     N5aVE|     N5mAX|      Last|100 MovAve|count | longRunning 
---------------------------------------------------------------

2014-10-19 15:30:40,694 [14] INFO Summary - 
---------------------------------------------------------------
Name                                    :|       Max|       Min|       Ave|     N5aVE|     N5mAX|      Last|100 MovAve|count | longRunning 
---------------------------------------------------------------

2014-10-19 15:30:40,694 [14] INFO Summary - 
---------------------------------------------------------------
Name                                    :|       Max|       Min|       Ave|     N5aVE|     N5mAX|      Last|100 MovAve|count | longRunning 
---------------------------------------------------------------

2014-10-19 15:31:48,327 [12] INFO localhost - Thread finished: 10/19/2014 3:31:48 PM
2014-10-19 15:31:48,347 [12] INFO localhost - Thread finished: 10/19/2014 3:31:48 PM
2014-10-19 15:31:48,347 [12] INFO localhost - Thread finished: 10/19/2014 3:31:48 PM
2014-10-19 15:31:48,347 [12] INFO localhost - Thread finished: 10/19/2014 3:31:48 PM
2014-10-19 15:31:48,348 [12] INFO localhost - Thread finished: 10/19/2014 3:31:48 PM
2014-10-19 15:31:48,348 [12] INFO Summary - 
---------------------------------------------------------------
Name                                    :|       Max|       Min|       Ave|     N5aVE|     N5mAX|      Last|100 MovAve|count | longRunning 
---------------------------------------------------------------

2014-10-19 15:31:48,348 [12] INFO Summary - 
---------------------------------------------------------------
Name                                    :|       Max|       Min|       Ave|     N5aVE|     N5mAX|      Last|100 MovAve|count | longRunning 
---------------------------------------------------------------

2014-10-19 15:31:48,349 [12] INFO Summary - 
---------------------------------------------------------------
Name                                    :|       Max|       Min|       Ave|     N5aVE|     N5mAX|      Last|100 MovAve|count | longRunning 
---------------------------------------------------------------

2014-10-19 15:31:48,349 [12] INFO Summary - 
---------------------------------------------------------------
Name                                    :|       Max|       Min|       Ave|     N5aVE|     N5mAX|      Last|100 MovAve|count | longRunning 
---------------------------------------------------------------

2014-10-19 15:31:48,350 [12] INFO Summary - 
---------------------------------------------------------------
Name                                    :|       Max|       Min|       Ave|     N5aVE|     N5mAX|      Last|100 MovAve|count | longRunning 
---------------------------------------------------------------

2014-10-19 15:31:57,258 [14] INFO localhost - Thread finished: 10/19/2014 3:31:57 PM
2014-10-19 15:31:57,278 [14] INFO localhost - Thread finished: 10/19/2014 3:31:57 PM
2014-10-19 15:31:57,279 [14] INFO localhost - Thread finished: 10/19/2014 3:31:57 PM
2014-10-19 15:31:57,279 [14] INFO localhost - Thread finished: 10/19/2014 3:31:57 PM
2014-10-19 15:31:57,280 [14] INFO localhost - Thread finished: 10/19/2014 3:31:57 PM
2014-10-19 15:31:57,280 [14] INFO Summary - 
---------------------------------------------------------------
Name                                    :|       Max|       Min|       Ave|     N5aVE|     N5mAX|      Last|100 MovAve|count | longRunning 
---------------------------------------------------------------

2014-10-19 15:31:57,281 [14] INFO Summary - 
---------------------------------------------------------------
Name                                    :|       Max|       Min|       Ave|     N5aVE|     N5mAX|      Last|100 MovAve|count | longRunning 
---------------------------------------------------------------

2014-10-19 15:31:57,281 [14] INFO Summary - 
---------------------------------------------------------------
Name                                    :|       Max|       Min|       Ave|     N5aVE|     N5mAX|      Last|100 MovAve|count | longRunning 
---------------------------------------------------------------

2014-10-19 15:31:57,282 [14] INFO Summary - 
---------------------------------------------------------------
Name                                    :|       Max|       Min|       Ave|     N5aVE|     N5mAX|      Last|100 MovAve|count | longRunning 
---------------------------------------------------------------

2014-10-19 15:31:57,282 [14] INFO Summary - 
---------------------------------------------------------------
Name                                    :|       Max|       Min|       Ave|     N5aVE|     N5mAX|      Last|100 MovAve|count | longRunning 
---------------------------------------------------------------

2014-10-19 15:41:39,472 [3] INFO localhost - Thread finished: 10/19/2014 3:41:39 PM
2014-10-19 15:41:39,521 [3] INFO localhost - Thread finished: 10/19/2014 3:41:39 PM
2014-10-19 15:41:39,522 [3] INFO Summary - 
---------------------------------------------------------------
Name                                    :|       Max|       Min|       Ave|     N5aVE|     N5mAX|      Last|100 MovAve|count | longRunning 
---------------------------------------------------------------

2014-10-19 15:41:39,522 [3] INFO Summary - 
---------------------------------------------------------------
Name                                    :|       Max|       Min|       Ave|     N5aVE|     N5mAX|      Last|100 MovAve|count | longRunning 
---------------------------------------------------------------

2014-10-19 15:41:40,529 [3] INFO localhost - Thread finished: 10/19/2014 3:41:40 PM
2014-10-19 15:41:40,529 [3] INFO Summary - 
---------------------------------------------------------------
Name                                    :|       Max|       Min|       Ave|     N5aVE|     N5mAX|      Last|100 MovAve|count | longRunning 
---------------------------------------------------------------

2014-10-19 15:41:40,530 [3] INFO localhost - Thread finished: 10/19/2014 3:41:40 PM
2014-10-19 15:41:40,531 [3] INFO Summary - 
---------------------------------------------------------------
Name                                    :|       Max|       Min|       Ave|     N5aVE|     N5mAX|      Last|100 MovAve|count | longRunning 
---------------------------------------------------------------

2014-10-19 15:42:10,832 [3] INFO localhost - Thread finished: 10/19/2014 3:42:10 PM
2014-10-19 15:42:10,832 [3] INFO Summary - 
---------------------------------------------------------------
Name                                    :|       Max|       Min|       Ave|     N5aVE|     N5mAX|      Last|100 MovAve|count | longRunning 
---------------------------------------------------------------

2014-10-19 15:43:29,557 [3] INFO localhost - Thread finished: 10/19/2014 3:43:29 PM
2014-10-19 15:43:29,583 [3] INFO localhost - Thread finished: 10/19/2014 3:43:29 PM
2014-10-19 15:43:29,585 [3] INFO Summary - 
---------------------------------------------------------------
Name                                    :|       Max|       Min|       Ave|     N5aVE|     N5mAX|      Last|100 MovAve|count | longRunning 
---------------------------------------------------------------

2014-10-19 15:43:29,585 [3] INFO Summary - 
---------------------------------------------------------------
Name                                    :|       Max|       Min|       Ave|     N5aVE|     N5mAX|      Last|100 MovAve|count | longRunning 
---------------------------------------------------------------

2014-10-19 15:43:29,586 [3] INFO localhost - Thread finished: 10/19/2014 3:43:29 PM
2014-10-19 15:43:29,586 [3] INFO Summary - 
---------------------------------------------------------------
Name                                    :|       Max|       Min|       Ave|     N5aVE|     N5mAX|      Last|100 MovAve|count | longRunning 
---------------------------------------------------------------

2014-10-19 15:43:30,399 [3] INFO localhost - Thread finished: 10/19/2014 3:43:30 PM
2014-10-19 15:43:30,399 [3] INFO Summary - 
---------------------------------------------------------------
Name                                    :|       Max|       Min|       Ave|     N5aVE|     N5mAX|      Last|100 MovAve|count | longRunning 
---------------------------------------------------------------

2014-10-19 15:43:32,705 [3] INFO localhost - Thread finished: 10/19/2014 3:43:32 PM
2014-10-19 15:43:32,705 [3] INFO Summary - 
---------------------------------------------------------------
Name                                    :|       Max|       Min|       Ave|     N5aVE|     N5mAX|      Last|100 MovAve|count | longRunning 
---------------------------------------------------------------

2014-10-19 15:47:01,626 [3] INFO localhost - Thread finished: 10/19/2014 3:47:01 PM
2014-10-19 15:47:01,642 [3] INFO Summary - 
---------------------------------------------------------------
Name                                    :|       Max|       Min|       Ave|     N5aVE|     N5mAX|      Last|100 MovAve|count | longRunning 
---------------------------------------------------------------

2014-10-19 15:47:01,643 [3] INFO localhost - Thread finished: 10/19/2014 3:47:01 PM
2014-10-19 15:47:01,643 [3] INFO Summary - 
---------------------------------------------------------------
Name                                    :|       Max|       Min|       Ave|     N5aVE|     N5mAX|      Last|100 MovAve|count | longRunning 
---------------------------------------------------------------

2014-10-19 15:47:02,559 [3] INFO localhost - Thread finished: 10/19/2014 3:47:02 PM
2014-10-19 15:47:02,559 [3] INFO Summary - 
---------------------------------------------------------------
Name                                    :|       Max|       Min|       Ave|     N5aVE|     N5mAX|      Last|100 MovAve|count | longRunning 
---------------------------------------------------------------

2014-10-19 15:47:02,661 [3] INFO localhost - Thread finished: 10/19/2014 3:47:02 PM
2014-10-19 15:47:02,661 [3] INFO Summary - 
---------------------------------------------------------------
Name                                    :|       Max|       Min|       Ave|     N5aVE|     N5mAX|      Last|100 MovAve|count | longRunning 
---------------------------------------------------------------

2014-10-19 15:47:03,266 [3] INFO localhost - Thread finished: 10/19/2014 3:47:03 PM
2014-10-19 15:47:03,269 [3] INFO Summary - 
---------------------------------------------------------------
Name                                    :|       Max|       Min|       Ave|     N5aVE|     N5mAX|      Last|100 MovAve|count | longRunning 
---------------------------------------------------------------

2014-10-19 15:48:12,485 [13] INFO localhost - Thread finished: 10/19/2014 3:48:12 PM
2014-10-19 15:48:12,503 [13] INFO localhost - Thread finished: 10/19/2014 3:48:12 PM
2014-10-19 15:48:12,504 [13] INFO Summary - 
---------------------------------------------------------------
Name                                    :|       Max|       Min|       Ave|     N5aVE|     N5mAX|      Last|100 MovAve|count | longRunning 
---------------------------------------------------------------

2014-10-19 15:48:12,504 [13] INFO Summary - 
---------------------------------------------------------------
Name                                    :|       Max|       Min|       Ave|     N5aVE|     N5mAX|      Last|100 MovAve|count | longRunning 
---------------------------------------------------------------

2014-10-19 15:48:14,115 [13] INFO localhost - Thread finished: 10/19/2014 3:48:14 PM
2014-10-19 15:48:14,115 [13] INFO Summary - 
---------------------------------------------------------------
Name                                    :|       Max|       Min|       Ave|     N5aVE|     N5mAX|      Last|100 MovAve|count | longRunning 
---------------------------------------------------------------

2014-10-19 15:48:14,116 [13] INFO localhost - Thread finished: 10/19/2014 3:48:14 PM
2014-10-19 15:48:14,118 [13] INFO Summary - 
---------------------------------------------------------------
Name                                    :|       Max|       Min|       Ave|     N5aVE|     N5mAX|      Last|100 MovAve|count | longRunning 
---------------------------------------------------------------

2014-10-19 15:48:14,925 [13] INFO localhost - Thread finished: 10/19/2014 3:48:14 PM
2014-10-19 15:48:14,926 [13] INFO Summary - 
---------------------------------------------------------------
Name                                    :|       Max|       Min|       Ave|     N5aVE|     N5mAX|      Last|100 MovAve|count | longRunning 
---------------------------------------------------------------

2014-10-19 15:50:30,113 [15] INFO localhost - Thread finished: 10/19/2014 3:50:30 PM
2014-10-19 15:50:30,130 [15] INFO Summary - 
---------------------------------------------------------------
Name                                    :|       Max|       Min|       Ave|     N5aVE|     N5mAX|      Last|100 MovAve|count | longRunning 
---------------------------------------------------------------

2014-10-19 15:50:30,231 [15] INFO localhost - Thread finished: 10/19/2014 3:50:30 PM
2014-10-19 15:50:30,231 [15] INFO Summary - 
---------------------------------------------------------------
Name                                    :|       Max|       Min|       Ave|     N5aVE|     N5mAX|      Last|100 MovAve|count | longRunning 
---------------------------------------------------------------

2014-10-19 15:50:30,734 [15] INFO localhost - Thread finished: 10/19/2014 3:50:30 PM
2014-10-19 15:50:30,737 [15] INFO Summary - 
---------------------------------------------------------------
Name                                    :|       Max|       Min|       Ave|     N5aVE|     N5mAX|      Last|100 MovAve|count | longRunning 
---------------------------------------------------------------

2014-10-19 15:50:30,941 [15] INFO localhost - Thread finished: 10/19/2014 3:50:30 PM
2014-10-19 15:50:30,941 [15] INFO Summary - 
---------------------------------------------------------------
Name                                    :|       Max|       Min|       Ave|     N5aVE|     N5mAX|      Last|100 MovAve|count | longRunning 
---------------------------------------------------------------

2014-10-19 15:50:32,046 [15] INFO localhost - Thread finished: 10/19/2014 3:50:32 PM
2014-10-19 15:50:32,047 [15] INFO Summary - 
---------------------------------------------------------------
Name                                    :|       Max|       Min|       Ave|     N5aVE|     N5mAX|      Last|100 MovAve|count | longRunning 
---------------------------------------------------------------

2014-10-19 17:02:25,787 [16] INFO localhost - Thread finished: 10/19/2014 5:02:24 PM
2014-10-19 17:02:26,081 [16] INFO localhost - Thread finished: 10/19/2014 5:02:24 PM
2014-10-19 17:02:26,082 [16] INFO Summary - 
---------------------------------------------------------------
Name                                    :|       Max|       Min|       Ave|     N5aVE|     N5mAX|      Last|100 MovAve|count | longRunning 
---------------------------------------------------------------

2014-10-19 17:02:26,084 [16] INFO Summary - 
---------------------------------------------------------------
Name                                    :|       Max|       Min|       Ave|     N5aVE|     N5mAX|      Last|100 MovAve|count | longRunning 
---------------------------------------------------------------

2014-10-19 17:02:38,345 [16] INFO localhost - Thread finished: 10/19/2014 5:02:38 PM
2014-10-19 17:02:38,346 [16] INFO Summary - 
---------------------------------------------------------------
Name                                    :|       Max|       Min|       Ave|     N5aVE|     N5mAX|      Last|100 MovAve|count | longRunning 
---------------------------------------------------------------

2014-10-19 17:02:56,242 [16] INFO localhost - Thread finished: 10/19/2014 5:02:56 PM
2014-10-19 17:02:56,243 [16] INFO Summary - 
---------------------------------------------------------------
Name                                    :|       Max|       Min|       Ave|     N5aVE|     N5mAX|      Last|100 MovAve|count | longRunning 
---------------------------------------------------------------

2014-10-19 17:03:05,574 [16] INFO localhost - Thread finished: 10/19/2014 5:03:05 PM
2014-10-19 17:03:05,576 [16] INFO Summary - 
---------------------------------------------------------------
Name                                    :|       Max|       Min|       Ave|     N5aVE|     N5mAX|      Last|100 MovAve|count | longRunning 
---------------------------------------------------------------

2014-10-19 17:48:02,577 [13] INFO localhost - Thread finished: 10/19/2014 5:48:02 PM
2014-10-19 17:48:02,596 [13] INFO Summary - 
---------------------------------------------------------------
Name                                    :|       Max|       Min|       Ave|     N5aVE|     N5mAX|      Last|100 MovAve|count | longRunning 
---------------------------------------------------------------

2014-10-19 18:05:19,428 [15] INFO localhost - Thread finished: 10/19/2014 6:05:19 PM
2014-10-19 18:05:19,471 [15] INFO Summary - 
---------------------------------------------------------------
Name                                    :|       Max|       Min|       Ave|     N5aVE|     N5mAX|      Last|100 MovAve|count | longRunning 
---------------------------------------------------------------

2014-10-19 18:05:21,999 [15] INFO localhost - Thread finished: 10/19/2014 6:05:21 PM
2014-10-19 18:05:21,999 [15] INFO Summary - 
---------------------------------------------------------------
Name                                    :|       Max|       Min|       Ave|     N5aVE|     N5mAX|      Last|100 MovAve|count | longRunning 
---------------------------------------------------------------

2014-10-19 18:05:24,465 [15] INFO localhost - Thread finished: 10/19/2014 6:05:23 PM
2014-10-19 18:05:24,466 [15] INFO Summary - 
---------------------------------------------------------------
Name                                    :|       Max|       Min|       Ave|     N5aVE|     N5mAX|      Last|100 MovAve|count | longRunning 
---------------------------------------------------------------

2014-10-19 18:05:27,828 [15] INFO localhost - Thread finished: 10/19/2014 6:05:27 PM
2014-10-19 18:05:27,828 [15] INFO Summary - 
---------------------------------------------------------------
Name                                    :|       Max|       Min|       Ave|     N5aVE|     N5mAX|      Last|100 MovAve|count | longRunning 
---------------------------------------------------------------

2014-10-19 18:05:33,386 [15] INFO localhost - Thread finished: 10/19/2014 6:05:33 PM
2014-10-19 18:05:33,386 [15] INFO Summary - 
---------------------------------------------------------------
Name                                    :|       Max|       Min|       Ave|     N5aVE|     N5mAX|      Last|100 MovAve|count | longRunning 
---------------------------------------------------------------

2014-10-19 18:05:53,976 [14] INFO localhost - Thread finished: 10/19/2014 6:05:53 PM
2014-10-19 18:05:54,018 [14] INFO localhost - Thread finished: 10/19/2014 6:05:53 PM
2014-10-19 18:05:54,019 [14] INFO Summary - 
---------------------------------------------------------------
Name                                    :|       Max|       Min|       Ave|     N5aVE|     N5mAX|      Last|100 MovAve|count | longRunning 
---------------------------------------------------------------

2014-10-19 18:05:54,019 [14] INFO Summary - 
---------------------------------------------------------------
Name                                    :|       Max|       Min|       Ave|     N5aVE|     N5mAX|      Last|100 MovAve|count | longRunning 
---------------------------------------------------------------

2014-10-19 18:05:57,395 [14] INFO localhost - Thread finished: 10/19/2014 6:05:56 PM
2014-10-19 18:05:57,395 [14] INFO Summary - 
---------------------------------------------------------------
Name                                    :|       Max|       Min|       Ave|     N5aVE|     N5mAX|      Last|100 MovAve|count | longRunning 
---------------------------------------------------------------

2014-10-19 18:06:00,247 [14] INFO localhost - Thread finished: 10/19/2014 6:05:59 PM
2014-10-19 18:06:00,247 [14] INFO Summary - 
---------------------------------------------------------------
Name                                    :|       Max|       Min|       Ave|     N5aVE|     N5mAX|      Last|100 MovAve|count | longRunning 
---------------------------------------------------------------

2014-10-19 18:06:04,674 [14] INFO localhost - Thread finished: 10/19/2014 6:06:04 PM
2014-10-19 18:06:04,675 [14] INFO Summary - 
---------------------------------------------------------------
Name                                    :|       Max|       Min|       Ave|     N5aVE|     N5mAX|      Last|100 MovAve|count | longRunning 
---------------------------------------------------------------

2014-10-19 18:08:00,527 [13] INFO localhost - Thread finished: 10/19/2014 6:08:00 PM
2014-10-19 18:08:00,546 [13] INFO localhost - Thread finished: 10/19/2014 6:08:00 PM
2014-10-19 18:08:00,547 [13] INFO Summary - 
---------------------------------------------------------------
Name                                    :|       Max|       Min|       Ave|     N5aVE|     N5mAX|      Last|100 MovAve|count | longRunning 
---------------------------------------------------------------

2014-10-19 18:08:00,547 [13] INFO Summary - 
---------------------------------------------------------------
Name                                    :|       Max|       Min|       Ave|     N5aVE|     N5mAX|      Last|100 MovAve|count | longRunning 
---------------------------------------------------------------

2014-10-19 18:08:13,397 [13] INFO localhost - Thread finished: 10/19/2014 6:08:13 PM
2014-10-19 18:08:13,397 [13] INFO Summary - 
---------------------------------------------------------------
Name                                    :|       Max|       Min|       Ave|     N5aVE|     N5mAX|      Last|100 MovAve|count | longRunning 
---------------------------------------------------------------

2014-10-19 18:08:14,202 [13] INFO localhost - Thread finished: 10/19/2014 6:08:14 PM
2014-10-19 18:08:14,202 [13] INFO Summary - 
---------------------------------------------------------------
Name                                    :|       Max|       Min|       Ave|     N5aVE|     N5mAX|      Last|100 MovAve|count | longRunning 
---------------------------------------------------------------

2014-10-19 18:08:19,717 [13] INFO localhost - Thread finished: 10/19/2014 6:08:19 PM
2014-10-19 18:08:19,719 [13] INFO Summary - 
---------------------------------------------------------------
Name                                    :|       Max|       Min|       Ave|     N5aVE|     N5mAX|      Last|100 MovAve|count | longRunning 
---------------------------------------------------------------

2014-10-19 18:13:03,974 [14] INFO localhost - Thread finished: 10/19/2014 6:13:03 PM
2014-10-19 18:13:03,994 [14] INFO localhost - Thread finished: 10/19/2014 6:13:03 PM
2014-10-19 18:13:03,994 [14] INFO localhost - Thread finished: 10/19/2014 6:13:03 PM
2014-10-19 18:13:03,994 [14] INFO localhost - Thread finished: 10/19/2014 6:13:03 PM
2014-10-19 18:13:03,995 [14] INFO localhost - Thread finished: 10/19/2014 6:13:03 PM
2014-10-19 18:13:03,995 [14] INFO Summary - 
---------------------------------------------------------------
Name                                    :|       Max|       Min|       Ave|     N5aVE|     N5mAX|      Last|100 MovAve|count | longRunning 
---------------------------------------------------------------

2014-10-19 18:13:03,995 [14] INFO Summary - 
---------------------------------------------------------------
Name                                    :|       Max|       Min|       Ave|     N5aVE|     N5mAX|      Last|100 MovAve|count | longRunning 
---------------------------------------------------------------

2014-10-19 18:13:03,996 [14] INFO Summary - 
---------------------------------------------------------------
Name                                    :|       Max|       Min|       Ave|     N5aVE|     N5mAX|      Last|100 MovAve|count | longRunning 
---------------------------------------------------------------

2014-10-19 18:13:03,997 [14] INFO Summary - 
---------------------------------------------------------------
Name                                    :|       Max|       Min|       Ave|     N5aVE|     N5mAX|      Last|100 MovAve|count | longRunning 
---------------------------------------------------------------

2014-10-19 18:13:03,998 [14] INFO Summary - 
---------------------------------------------------------------
Name                                    :|       Max|       Min|       Ave|     N5aVE|     N5mAX|      Last|100 MovAve|count | longRunning 
---------------------------------------------------------------

2014-10-19 18:25:55,901 [15] INFO localhost - Thread finished: 10/19/2014 6:25:55 PM
2014-10-19 18:25:55,944 [15] INFO Summary - 
---------------------------------------------------------------
Name                                    :|       Max|       Min|       Ave|     N5aVE|     N5mAX|      Last|100 MovAve|count | longRunning 
---------------------------------------------------------------

2014-10-19 18:25:57,568 [15] INFO localhost - Thread finished: 10/19/2014 6:25:57 PM
2014-10-19 18:25:57,571 [15] INFO Summary - 
---------------------------------------------------------------
Name                                    :|       Max|       Min|       Ave|     N5aVE|     N5mAX|      Last|100 MovAve|count | longRunning 
---------------------------------------------------------------

2014-10-19 18:25:58,078 [15] INFO localhost - Thread finished: 10/19/2014 6:25:57 PM
2014-10-19 18:25:58,078 [15] INFO Summary - 
---------------------------------------------------------------
Name                                    :|       Max|       Min|       Ave|     N5aVE|     N5mAX|      Last|100 MovAve|count | longRunning 
---------------------------------------------------------------

2014-10-19 18:26:08,281 [15] INFO localhost - Thread finished: 10/19/2014 6:26:08 PM
2014-10-19 18:26:08,282 [15] INFO Summary - 
---------------------------------------------------------------
Name                                    :|       Max|       Min|       Ave|     N5aVE|     N5mAX|      Last|100 MovAve|count | longRunning 
---------------------------------------------------------------

2014-10-19 18:27:08,680 [15] INFO localhost - Thread finished: 10/19/2014 6:27:08 PM
2014-10-19 18:27:08,680 [15] INFO Summary - 
---------------------------------------------------------------
Name                                    :|       Max|       Min|       Ave|     N5aVE|     N5mAX|      Last|100 MovAve|count | longRunning 
---------------------------------------------------------------

2014-10-19 18:48:00,881 [14] INFO localhost - Thread finished: 10/19/2014 6:48:00 PM
2014-10-19 18:48:00,901 [14] INFO localhost - Thread finished: 10/19/2014 6:48:00 PM
2014-10-19 18:48:00,901 [14] INFO localhost - Thread finished: 10/19/2014 6:48:00 PM
2014-10-19 18:48:00,901 [14] INFO localhost - Thread finished: 10/19/2014 6:48:00 PM
2014-10-19 18:48:00,902 [14] INFO localhost - Thread finished: 10/19/2014 6:48:00 PM
2014-10-19 18:48:00,902 [14] INFO Summary - 
---------------------------------------------------------------
Name                                    :|       Max|       Min|       Ave|     N5aVE|     N5mAX|      Last|100 MovAve|count | longRunning 
---------------------------------------------------------------

2014-10-19 18:48:00,902 [14] INFO Summary - 
---------------------------------------------------------------
Name                                    :|       Max|       Min|       Ave|     N5aVE|     N5mAX|      Last|100 MovAve|count | longRunning 
---------------------------------------------------------------

2014-10-19 18:48:00,903 [14] INFO Summary - 
---------------------------------------------------------------
Name                                    :|       Max|       Min|       Ave|     N5aVE|     N5mAX|      Last|100 MovAve|count | longRunning 
---------------------------------------------------------------

2014-10-19 18:48:00,904 [14] INFO Summary - 
---------------------------------------------------------------
Name                                    :|       Max|       Min|       Ave|     N5aVE|     N5mAX|      Last|100 MovAve|count | longRunning 
---------------------------------------------------------------

2014-10-19 18:48:00,904 [14] INFO Summary - 
---------------------------------------------------------------
Name                                    :|       Max|       Min|       Ave|     N5aVE|     N5mAX|      Last|100 MovAve|count | longRunning 
---------------------------------------------------------------

2014-10-19 18:48:36,530 [15] INFO localhost - Thread finished: 10/19/2014 6:48:36 PM
2014-10-19 18:48:36,562 [15] INFO localhost - Thread finished: 10/19/2014 6:48:36 PM
2014-10-19 18:48:36,564 [15] INFO Summary - 
---------------------------------------------------------------
Name                                    :|       Max|       Min|       Ave|     N5aVE|     N5mAX|      Last|100 MovAve|count | longRunning 
---------------------------------------------------------------

2014-10-19 18:48:36,565 [15] INFO Summary - 
---------------------------------------------------------------
Name                                    :|       Max|       Min|       Ave|     N5aVE|     N5mAX|      Last|100 MovAve|count | longRunning 
---------------------------------------------------------------

2014-10-19 18:48:36,566 [15] INFO localhost - Thread finished: 10/19/2014 6:48:36 PM
2014-10-19 18:48:36,567 [15] INFO Summary - 
---------------------------------------------------------------
Name                                    :|       Max|       Min|       Ave|     N5aVE|     N5mAX|      Last|100 MovAve|count | longRunning 
---------------------------------------------------------------

2014-10-19 18:48:54,096 [15] INFO localhost - Thread finished: 10/19/2014 6:48:54 PM
2014-10-19 18:48:54,097 [15] INFO Summary - 
---------------------------------------------------------------
Name                                    :|       Max|       Min|       Ave|     N5aVE|     N5mAX|      Last|100 MovAve|count | longRunning 
---------------------------------------------------------------

2014-10-19 18:50:44,492 [13] INFO localhost - Thread finished: 10/19/2014 6:50:44 PM
2014-10-19 18:50:44,508 [13] INFO Summary - 
---------------------------------------------------------------
Name                                    :|       Max|       Min|       Ave|     N5aVE|     N5mAX|      Last|100 MovAve|count | longRunning 
---------------------------------------------------------------

2014-10-19 18:50:46,214 [13] INFO localhost - Thread finished: 10/19/2014 6:50:46 PM
2014-10-19 18:50:46,214 [13] INFO Summary - 
---------------------------------------------------------------
Name                                    :|       Max|       Min|       Ave|     N5aVE|     N5mAX|      Last|100 MovAve|count | longRunning 
---------------------------------------------------------------

2014-10-19 18:50:46,749 [13] INFO localhost - Thread finished: 10/19/2014 6:50:46 PM
2014-10-19 18:50:46,749 [13] INFO Summary - 
---------------------------------------------------------------
Name                                    :|       Max|       Min|       Ave|     N5aVE|     N5mAX|      Last|100 MovAve|count | longRunning 
---------------------------------------------------------------

2014-10-19 18:50:49,858 [13] INFO localhost - Thread finished: 10/19/2014 6:50:49 PM
2014-10-19 18:50:49,858 [13] INFO Summary - 
---------------------------------------------------------------
Name                                    :|       Max|       Min|       Ave|     N5aVE|     N5mAX|      Last|100 MovAve|count | longRunning 
---------------------------------------------------------------

2014-10-19 18:50:55,371 [13] INFO localhost - Thread finished: 10/19/2014 6:50:55 PM
2014-10-19 18:50:55,372 [13] INFO Summary - 
---------------------------------------------------------------
Name                                    :|       Max|       Min|       Ave|     N5aVE|     N5mAX|      Last|100 MovAve|count | longRunning 
---------------------------------------------------------------

2014-10-19 18:51:54,552 [14] INFO localhost - Thread finished: 10/19/2014 6:51:54 PM
2014-10-19 18:51:54,569 [14] INFO localhost - Thread finished: 10/19/2014 6:51:54 PM
2014-10-19 18:51:54,570 [14] INFO Summary - 
---------------------------------------------------------------
Name                                    :|       Max|       Min|       Ave|     N5aVE|     N5mAX|      Last|100 MovAve|count | longRunning 
---------------------------------------------------------------

2014-10-19 18:51:54,570 [14] INFO Summary - 
---------------------------------------------------------------
Name                                    :|       Max|       Min|       Ave|     N5aVE|     N5mAX|      Last|100 MovAve|count | longRunning 
---------------------------------------------------------------

2014-10-19 18:52:17,963 [13] INFO localhost - Thread finished: 10/19/2014 6:52:17 PM
2014-10-19 18:52:17,987 [13] INFO localhost - Thread finished: 10/19/2014 6:52:17 PM
2014-10-19 18:52:17,989 [13] INFO Summary - 
---------------------------------------------------------------
Name                                    :|       Max|       Min|       Ave|     N5aVE|     N5mAX|      Last|100 MovAve|count | longRunning 
---------------------------------------------------------------

2014-10-19 18:52:17,990 [13] INFO Summary - 
---------------------------------------------------------------
Name                                    :|       Max|       Min|       Ave|     N5aVE|     N5mAX|      Last|100 MovAve|count | longRunning 
---------------------------------------------------------------

2014-10-19 18:52:19,599 [13] INFO localhost - Thread finished: 10/19/2014 6:52:19 PM
2014-10-19 18:52:19,599 [13] INFO Summary - 
---------------------------------------------------------------
Name                                    :|       Max|       Min|       Ave|     N5aVE|     N5mAX|      Last|100 MovAve|count | longRunning 
---------------------------------------------------------------

2014-10-19 18:52:24,121 [13] INFO localhost - Thread finished: 10/19/2014 6:52:24 PM
2014-10-19 18:52:24,121 [13] INFO Summary - 
---------------------------------------------------------------
Name                                    :|       Max|       Min|       Ave|     N5aVE|     N5mAX|      Last|100 MovAve|count | longRunning 
---------------------------------------------------------------

2014-10-19 18:52:38,245 [13] INFO localhost - Thread finished: 10/19/2014 6:52:38 PM
2014-10-19 18:52:38,246 [13] INFO Summary - 
---------------------------------------------------------------
Name                                    :|       Max|       Min|       Ave|     N5aVE|     N5mAX|      Last|100 MovAve|count | longRunning 
---------------------------------------------------------------

2014-10-19 19:08:22,805 [13] INFO localhost - Thread finished: 10/19/2014 7:08:22 PM
2014-10-19 19:08:22,835 [13] INFO Summary - 
---------------------------------------------------------------
Name                                    :|       Max|       Min|       Ave|     N5aVE|     N5mAX|      Last|100 MovAve|count | longRunning 
---------------------------------------------------------------

2014-10-19 19:10:16,900 [13] INFO localhost - Thread finished: 10/19/2014 7:10:16 PM
2014-10-19 19:10:16,918 [13] INFO Summary - 
---------------------------------------------------------------
Name                                    :|       Max|       Min|       Ave|     N5aVE|     N5mAX|      Last|100 MovAve|count | longRunning 
---------------------------------------------------------------

2014-10-19 19:10:29,634 [13] INFO localhost - Thread finished: 10/19/2014 7:10:29 PM
2014-10-19 19:10:29,635 [13] INFO Summary - 
---------------------------------------------------------------
Name                                    :|       Max|       Min|       Ave|     N5aVE|     N5mAX|      Last|100 MovAve|count | longRunning 
---------------------------------------------------------------

2014-10-19 19:10:29,636 [13] INFO localhost - Thread finished: 10/19/2014 7:10:29 PM
2014-10-19 19:10:29,636 [13] INFO Summary - 
---------------------------------------------------------------
Name                                    :|       Max|       Min|       Ave|     N5aVE|     N5mAX|      Last|100 MovAve|count | longRunning 
---------------------------------------------------------------

2014-10-19 19:10:34,293 [13] INFO localhost - Thread finished: 10/19/2014 7:10:34 PM
2014-10-19 19:10:34,293 [13] INFO Summary - 
---------------------------------------------------------------
Name                                    :|       Max|       Min|       Ave|     N5aVE|     N5mAX|      Last|100 MovAve|count | longRunning 
---------------------------------------------------------------

2014-10-19 19:10:52,358 [13] INFO localhost - Thread finished: 10/19/2014 7:10:52 PM
2014-10-19 19:10:52,359 [13] INFO Summary - 
---------------------------------------------------------------
Name                                    :|       Max|       Min|       Ave|     N5aVE|     N5mAX|      Last|100 MovAve|count | longRunning 
---------------------------------------------------------------

2014-10-19 19:13:30,972 [15] INFO localhost - Thread finished: 10/19/2014 7:13:30 PM
2014-10-19 19:13:31,017 [15] INFO localhost - Thread finished: 10/19/2014 7:13:30 PM
2014-10-19 19:13:31,021 [15] INFO Summary - 
---------------------------------------------------------------
Name                                    :|       Max|       Min|       Ave|     N5aVE|     N5mAX|      Last|100 MovAve|count | longRunning 
---------------------------------------------------------------

2014-10-19 19:13:31,022 [15] INFO Summary - 
---------------------------------------------------------------
Name                                    :|       Max|       Min|       Ave|     N5aVE|     N5mAX|      Last|100 MovAve|count | longRunning 
---------------------------------------------------------------

2014-10-19 19:13:34,937 [15] INFO localhost - Thread finished: 10/19/2014 7:13:34 PM
2014-10-19 19:13:34,937 [15] INFO Summary - 
---------------------------------------------------------------
Name                                    :|       Max|       Min|       Ave|     N5aVE|     N5mAX|      Last|100 MovAve|count | longRunning 
---------------------------------------------------------------

2014-10-19 19:13:35,439 [15] INFO localhost - Thread finished: 10/19/2014 7:13:35 PM
2014-10-19 19:13:35,448 [15] INFO Summary - 
---------------------------------------------------------------
Name                                    :|       Max|       Min|       Ave|     N5aVE|     N5mAX|      Last|100 MovAve|count | longRunning 
---------------------------------------------------------------

2014-10-19 19:13:42,279 [15] INFO localhost - Thread finished: 10/19/2014 7:13:42 PM
2014-10-19 19:13:42,279 [15] INFO Summary - 
---------------------------------------------------------------
Name                                    :|       Max|       Min|       Ave|     N5aVE|     N5mAX|      Last|100 MovAve|count | longRunning 
---------------------------------------------------------------

2014-10-19 19:16:53,275 [14] INFO localhost - Thread finished: 10/19/2014 7:16:53 PM
2014-10-19 19:16:53,292 [14] INFO Summary - 
---------------------------------------------------------------
Name                                    :|       Max|       Min|       Ave|     N5aVE|     N5mAX|      Last|100 MovAve|count | longRunning 
---------------------------------------------------------------

2014-10-19 19:16:55,005 [14] INFO localhost - Thread finished: 10/19/2014 7:16:54 PM
2014-10-19 19:16:55,009 [14] INFO Summary - 
---------------------------------------------------------------
Name                                    :|       Max|       Min|       Ave|     N5aVE|     N5mAX|      Last|100 MovAve|count | longRunning 
---------------------------------------------------------------

2014-10-19 19:16:58,818 [14] INFO localhost - Thread finished: 10/19/2014 7:16:58 PM
2014-10-19 19:16:58,818 [14] INFO Summary - 
---------------------------------------------------------------
Name                                    :|       Max|       Min|       Ave|     N5aVE|     N5mAX|      Last|100 MovAve|count | longRunning 
---------------------------------------------------------------

2014-10-19 19:16:59,119 [14] INFO localhost - Thread finished: 10/19/2014 7:16:59 PM
2014-10-19 19:16:59,119 [14] INFO Summary - 
---------------------------------------------------------------
Name                                    :|       Max|       Min|       Ave|     N5aVE|     N5mAX|      Last|100 MovAve|count | longRunning 
---------------------------------------------------------------

2014-10-19 19:17:04,631 [14] INFO localhost - Thread finished: 10/19/2014 7:17:04 PM
2014-10-19 19:17:04,631 [14] INFO Summary - 
---------------------------------------------------------------
Name                                    :|       Max|       Min|       Ave|     N5aVE|     N5mAX|      Last|100 MovAve|count | longRunning 
---------------------------------------------------------------

2014-10-19 19:17:30,199 [13] INFO localhost - Thread finished: 10/19/2014 7:17:30 PM
2014-10-19 19:17:30,218 [13] INFO localhost - Thread finished: 10/19/2014 7:17:30 PM
2014-10-19 19:17:31,725 [13] INFO localhost - Thread finished: 10/19/2014 7:17:31 PM
2014-10-19 19:17:34,742 [13] INFO localhost - Thread finished: 10/19/2014 7:17:34 PM
2014-10-19 19:17:39,949 [13] INFO localhost - Thread finished: 10/19/2014 7:17:39 PM
2014-10-19 19:18:40,769 [13] INFO localhost - Thread finished: 10/19/2014 7:18:40 PM
2014-10-19 19:20:10,879 [10] INFO localhost - Thread finished: 10/19/2014 7:20:10 PM
2014-10-19 19:24:42,567 [13] INFO localhost - Thread finished: 10/19/2014 7:24:42 PM
2014-10-19 19:28:01,144 [12] INFO localhost - Thread finished: 10/19/2014 7:28:00 PM
2014-10-19 19:28:36,471 [12] INFO localhost - Thread finished: 10/19/2014 7:28:36 PM
2014-10-19 19:28:46,786 [12] INFO localhost - MAIN finished: 10/19/2014 7:28:46 PM
2014-10-19 19:33:27,725 [15] INFO localhost - MAIN finished: 10/19/2014 7:33:27 PM
2014-10-19 19:33:54,690 [13] INFO localhost - MAIN finished: 10/19/2014 7:33:54 PM
2014-10-19 19:34:04,893 [14] INFO localhost - MAIN finished: 10/19/2014 7:34:04 PM
2014-10-19 19:58:55,074 [18] INFO localhost - MAIN finished: 10/19/2014 7:58:54 PM
2014-10-19 20:00:36,363 [15] INFO localhost - MAIN finished: 10/19/2014 8:00:36 PM
